SF:lib/models/user.dart
DA:8,9
LF:1
LH:1
end_of_record
SF:lib/page/pocket/pocket_details.dart
DA:11,2
DA:13,2
DA:14,2
DA:20,2
DA:22,2
DA:23,2
DA:27,2
DA:29,0
DA:30,0
DA:32,2
DA:33,2
DA:36,0
DA:37,0
DA:42,2
DA:43,2
DA:45,2
DA:46,2
DA:47,2
DA:48,2
DA:59,2
DA:75,2
DA:89,2
DA:91,2
DA:92,2
DA:96,2
DA:98,2
DA:100,2
DA:101,2
DA:119,2
DA:123,2
DA:125,2
DA:127,2
DA:128,2
DA:152,2
DA:166,2
DA:176,2
DA:182,2
DA:183,4
DA:184,2
DA:185,2
DA:188,2
DA:189,2
DA:190,2
DA:191,4
DA:200,2
DA:209,2
DA:210,2
DA:214,2
DA:215,2
DA:216,4
DA:217,2
DA:218,2
DA:221,2
DA:222,2
DA:223,2
DA:224,4
DA:233,2
DA:242,2
DA:257,14
DA:258,0
DA:262,2
DA:264,2
DA:265,2
DA:266,2
DA:268,2
DA:269,6
DA:270,2
DA:273,4
DA:274,2
LF:69
LH:64
end_of_record
SF:lib/page/profile/edit_profile.dart
DA:9,17
DA:12,1
DA:14,1
DA:24,1
DA:26,2
DA:27,1
DA:30,1
DA:32,1
DA:34,1
DA:35,1
DA:36,1
DA:37,1
DA:39,1
DA:43,1
DA:56,1
DA:58,1
DA:60,1
DA:67,1
DA:68,1
DA:91,1
DA:93,1
DA:95,1
DA:102,1
DA:103,1
DA:125,1
DA:127,1
DA:129,1
DA:138,1
DA:139,1
DA:140,1
DA:142,1
DA:151,1
DA:152,1
DA:153,1
DA:154,1
DA:155,1
DA:159,0
DA:160,0
DA:161,0
DA:172,1
DA:174,1
DA:176,1
DA:183,1
DA:184,1
DA:207,1
DA:210,1
DA:212,1
DA:216,1
DA:217,1
DA:219,0
DA:220,0
DA:228,1
DA:231,1
DA:233,0
DA:234,0
LF:55
LH:48
end_of_record
SF:lib/page/profile/profile_detail.dart
DA:10,31
DA:13,1
DA:15,1
DA:25,1
DA:27,2
DA:28,1
DA:31,1
DA:33,1
DA:35,1
DA:39,1
DA:51,1
DA:52,1
DA:55,0
DA:56,0
DA:60,1
DA:61,1
DA:62,1
DA:63,1
DA:65,1
DA:69,1
DA:71,1
DA:73,1
DA:80,1
DA:82,1
DA:98,1
DA:100,1
DA:102,1
DA:109,1
DA:111,1
DA:127,1
DA:129,1
DA:131,1
DA:140,1
DA:141,1
DA:142,1
DA:145,1
DA:154,0
DA:155,0
DA:156,0
DA:157,0
DA:158,0
DA:162,0
DA:163,0
DA:164,0
DA:175,1
DA:177,1
DA:179,1
DA:186,1
DA:188,1
LF:49
LH:39
end_of_record
SF:lib/page/homepage.dart
DA:16,3
DA:18,3
DA:19,3
DA:23,3
DA:25,3
DA:26,3
DA:32,3
DA:33,3
DA:34,3
DA:37,4
DA:39,2
DA:40,4
DA:41,2
DA:42,2
DA:45,0
DA:46,0
DA:48,0
DA:49,0
DA:50,0
DA:54,2
DA:55,2
DA:58,0
DA:59,0
DA:61,0
DA:62,0
DA:63,0
DA:70,2
DA:72,0
DA:73,0
DA:91,3
DA:92,3
DA:93,3
DA:108,3
DA:121,3
DA:122,3
DA:124,3
DA:127,3
DA:128,0
DA:129,0
DA:131,0
DA:132,0
DA:135,3
DA:137,3
DA:138,3
DA:139,3
DA:140,3
DA:141,6
DA:169,3
DA:172,3
DA:173,0
DA:174,3
DA:176,3
DA:177,3
DA:178,3
DA:179,3
DA:180,6
DA:207,3
DA:210,3
DA:211,0
DA:212,3
DA:214,3
DA:215,3
DA:216,3
DA:217,3
DA:218,6
DA:245,3
DA:248,3
DA:249,0
DA:250,3
DA:252,3
DA:253,3
DA:254,3
DA:255,3
DA:256,6
DA:283,3
DA:286,3
DA:287,0
DA:288,3
DA:290,3
DA:291,3
DA:292,3
DA:293,3
DA:294,6
DA:322,3
DA:326,3
DA:336,3
DA:359,3
DA:362,3
DA:363,0
DA:364,0
DA:366,0
DA:368,0
DA:371,3
DA:373,3
DA:374,3
DA:375,3
DA:376,3
DA:377,6
DA:396,3
DA:399,3
DA:400,3
DA:402,3
DA:403,3
DA:404,0
DA:405,3
DA:406,3
DA:407,6
DA:426,3
DA:429,3
DA:430,3
DA:432,3
DA:433,3
DA:434,0
DA:435,3
DA:436,3
DA:437,6
DA:456,3
DA:459,3
DA:460,3
DA:463,3
DA:464,3
DA:465,0
DA:466,3
DA:467,3
DA:468,6
LF:125
LH:98
end_of_record
SF:lib/page/plannedpayment/plannedpayment.dart
DA:10,0
DA:16,0
DA:17,0
DA:18,0
DA:21,0
DA:26,0
DA:30,0
DA:32,0
DA:35,0
DA:38,0
DA:44,1
DA:46,1
DA:48,1
DA:59,1
DA:61,2
DA:62,1
DA:71,1
DA:73,1
DA:75,1
DA:79,1
DA:81,0
DA:84,1
DA:85,1
DA:86,1
DA:88,1
DA:90,1
DA:95,1
DA:96,1
DA:111,1
DA:112,1
DA:126,1
DA:128,1
DA:129,1
DA:131,1
DA:140,0
DA:141,0
DA:142,0
DA:143,0
DA:144,0
DA:147,0
DA:148,0
DA:149,0
DA:158,1
DA:160,1
DA:161,1
DA:162,1
DA:163,1
DA:166,1
DA:177,0
DA:264,1
DA:267,1
DA:269,1
DA:274,1
DA:275,1
DA:276,0
DA:277,0
DA:278,0
DA:279,0
DA:280,0
DA:281,0
DA:282,0
DA:283,0
DA:284,0
DA:285,0
DA:287,0
DA:290,0
DA:303,1
DA:306,1
DA:308,1
DA:313,1
DA:314,1
DA:317,0
DA:318,0
DA:320,0
LF:74
LH:39
end_of_record
SF:lib/page/plannedpayment/plannedpaymentdetails.dart
DA:5,29
DA:6,1
DA:8,1
DA:11,1
DA:15,1
DA:17,0
DA:18,1
DA:19,1
DA:22,0
DA:23,0
DA:25,0
DA:32,1
DA:34,1
DA:36,1
DA:41,1
DA:54,1
DA:66,1
DA:68,1
DA:69,1
DA:79,0
DA:85,1
DA:97,1
LF:22
LH:17
end_of_record
SF:lib/page/pocket/create_pocket.dart
DA:7,1
DA:12,1
DA:13,1
DA:14,1
DA:17,2
DA:20,1
DA:24,2
DA:26,0
DA:29,0
DA:32,1
DA:39,1
DA:41,1
DA:43,1
DA:52,1
DA:54,1
DA:56,1
DA:57,1
DA:58,1
DA:59,1
DA:61,1
DA:65,1
DA:77,1
DA:79,1
DA:81,1
DA:88,1
DA:89,1
DA:99,1
DA:100,1
DA:111,1
DA:113,1
DA:115,1
DA:122,1
DA:123,1
DA:134,1
DA:135,1
DA:145,1
DA:148,1
DA:150,1
DA:154,1
DA:155,1
DA:157,1
DA:158,3
DA:159,2
DA:160,2
DA:161,2
DA:162,2
DA:163,3
DA:164,2
DA:166,0
DA:169,2
DA:181,1
DA:183,1
DA:184,1
LF:53
LH:50
end_of_record
SF:lib/page/navbar.dart
DA:12,1
DA:14,1
DA:16,1
DA:25,1
DA:27,2
DA:28,1
DA:29,2
DA:30,3
DA:32,3
DA:38,1
DA:40,1
DA:41,1
DA:43,1
DA:47,1
DA:59,1
DA:60,1
DA:66,1
DA:67,1
DA:69,1
DA:71,1
DA:81,1
DA:82,1
DA:88,1
DA:89,1
DA:96,0
DA:97,0
DA:98,0
DA:102,3
LF:28
LH:25
end_of_record
SF:lib/page/newsletter.dart
DA:4,14
DA:6,0
DA:7,0
DA:11,0
DA:13,0
DA:14,0
LF:6
LH:1
end_of_record
SF:lib/page/report/reportpage.dart
DA:4,15
DA:6,1
DA:7,1
DA:11,1
DA:13,1
DA:14,1
LF:6
LH:6
end_of_record
SF:lib/page/transactions/transaction.dart
DA:8,2
DA:10,1
DA:11,1
DA:15,1
DA:17,1
DA:18,1
DA:20,1
DA:24,1
DA:26,1
DA:27,1
DA:30,2
DA:31,1
DA:32,1
DA:35,1
DA:36,1
DA:40,0
DA:42,0
DA:43,0
DA:44,0
DA:52,1
DA:55,2
DA:56,1
DA:57,1
DA:61,1
DA:62,1
DA:67,0
DA:74,1
DA:76,0
DA:77,0
LF:29
LH:22
end_of_record
SF:lib/page/plannedpayment/editplannedpayment.dart
DA:6,15
DA:7,1
DA:8,1
DA:14,1
DA:16,2
DA:17,1
DA:19,1
DA:21,1
DA:23,1
DA:27,1
DA:29,0
DA:31,1
DA:33,1
DA:35,1
DA:40,1
DA:53,1
DA:65,1
DA:67,1
DA:68,1
DA:70,1
DA:79,0
DA:80,0
DA:81,0
DA:82,0
DA:83,0
DA:86,0
DA:87,0
DA:88,0
DA:103,1
DA:105,1
DA:106,1
DA:107,1
DA:108,1
DA:121,1
DA:122,0
DA:163,1
DA:165,1
DA:166,1
DA:167,1
DA:168,1
DA:181,1
DA:182,0
DA:215,1
DA:218,1
DA:220,1
DA:225,1
DA:226,1
DA:229,0
DA:230,0
DA:232,0
DA:233,0
DA:240,1
DA:243,1
DA:245,1
DA:250,1
DA:251,1
DA:254,0
DA:256,0
DA:259,0
DA:260,0
DA:262,0
DA:265,0
DA:267,0
DA:277,1
DA:280,1
DA:282,0
DA:283,0
DA:285,0
LF:68
LH:43
end_of_record
SF:lib/page/pocket/edit_pocket.dart
DA:9,1
DA:11,1
DA:12,1
DA:17,1
DA:19,1
DA:21,1
DA:22,1
DA:24,1
DA:28,1
DA:40,1
DA:41,1
DA:42,1
DA:43,1
DA:54,1
DA:71,1
DA:85,1
DA:87,1
DA:89,1
DA:92,1
DA:107,1
DA:109,1
DA:111,1
DA:114,1
DA:131,1
DA:134,1
DA:136,1
DA:141,1
DA:142,1
DA:145,1
DA:146,1
DA:148,5
DA:158,1
DA:161,1
DA:163,1
DA:168,1
DA:169,1
DA:172,0
DA:174,0
DA:177,0
DA:178,0
DA:180,0
DA:183,0
DA:185,0
DA:198,1
DA:200,0
DA:201,0
DA:203,0
LF:47
LH:37
end_of_record
SF:lib/page/transactions/transaction_form.dart
DA:11,0
DA:16,0
DA:17,0
DA:18,0
DA:21,0
DA:27,0
DA:31,0
DA:33,0
DA:36,0
DA:39,0
DA:45,1
DA:46,1
DA:47,1
DA:59,1
DA:61,2
DA:62,1
DA:70,1
DA:72,1
DA:73,1
DA:84,1
DA:85,1
DA:86,1
DA:87,1
DA:89,1
DA:90,1
DA:101,1
DA:115,1
DA:134,1
DA:136,1
DA:137,1
DA:138,1
DA:139,1
DA:141,1
DA:162,1
DA:164,1
DA:165,1
DA:166,1
DA:167,1
DA:168,1
DA:175,1
DA:176,1
DA:198,1
DA:200,1
DA:201,1
DA:203,1
DA:212,1
DA:213,1
DA:214,1
DA:215,1
DA:216,1
DA:220,0
DA:221,0
DA:222,0
DA:238,1
DA:240,1
DA:241,1
DA:242,1
DA:243,1
DA:255,1
DA:256,0
DA:290,1
DA:292,1
DA:293,1
DA:294,1
DA:295,1
DA:308,1
DA:309,0
DA:405,1
DA:408,1
DA:410,1
DA:415,1
DA:416,1
DA:419,0
DA:420,0
DA:421,0
DA:422,0
DA:423,0
DA:424,0
DA:425,0
DA:426,0
DA:427,0
DA:428,0
DA:429,0
DA:431,0
DA:434,0
DA:446,1
DA:448,1
DA:449,1
DA:451,0
DA:452,0
LF:90
LH:60
end_of_record
SF:lib/page/transactions/create_borrow.dart
DA:5,1
DA:7,1
DA:8,1
DA:16,1
DA:18,2
DA:19,1
DA:22,1
DA:24,1
DA:26,1
DA:27,1
DA:29,1
DA:33,1
DA:45,1
DA:46,1
DA:47,1
DA:48,1
DA:59,1
DA:76,1
DA:90,1
DA:92,1
DA:94,1
DA:99,1
DA:112,1
DA:124,1
DA:126,1
DA:127,1
DA:129,1
DA:138,0
DA:139,0
DA:140,0
DA:141,0
DA:142,0
DA:145,0
DA:146,0
DA:147,0
DA:156,1
DA:158,1
DA:159,1
DA:160,1
DA:161,1
DA:174,1
DA:175,0
DA:202,1
DA:214,1
DA:216,1
DA:217,1
DA:218,1
DA:219,1
DA:232,1
DA:233,0
DA:268,1
DA:270,1
DA:271,1
DA:272,1
DA:273,1
DA:286,1
DA:287,0
DA:333,1
DA:335,1
DA:337,1
DA:340,1
DA:342,1
DA:347,1
DA:348,1
DA:349,0
DA:363,1
DA:365,1
DA:367,1
DA:370,1
DA:372,1
DA:377,1
DA:378,1
DA:381,0
LF:73
LH:60
end_of_record
SF:lib/page/login_page.dart
DA:15,3
DA:16,0
DA:18,0
DA:19,0
DA:22,0
DA:24,0
DA:25,0
DA:26,0
DA:27,0
DA:28,0
DA:30,0
DA:31,0
DA:33,0
DA:34,0
DA:35,0
DA:36,0
DA:40,0
DA:44,1
DA:45,1
DA:52,1
DA:54,1
DA:55,1
DA:60,1
DA:61,2
DA:84,1
DA:86,1
DA:88,1
DA:89,1
DA:90,1
DA:91,1
DA:93,1
DA:107,1
DA:109,1
DA:111,1
DA:112,1
DA:113,1
DA:114,1
DA:116,1
DA:130,1
DA:135,1
DA:137,1
DA:141,1
DA:142,1
DA:145,0
DA:146,0
DA:147,0
DA:151,0
DA:154,0
DA:155,0
DA:156,0
DA:157,0
DA:158,0
DA:159,0
DA:163,0
DA:164,0
DA:175,1
DA:177,0
DA:178,0
DA:179,0
LF:59
LH:28
end_of_record
SF:lib/page/register_page.dart
DA:10,0
DA:19,0
DA:20,0
DA:23,0
DA:30,0
DA:32,0
DA:33,0
DA:34,0
DA:35,0
DA:36,0
DA:38,0
DA:39,0
DA:41,0
DA:43,0
DA:44,0
DA:45,0
DA:46,0
DA:48,0
DA:50,0
DA:55,3
DA:57,1
DA:59,1
DA:65,1
DA:67,2
DA:68,1
DA:76,1
DA:78,1
DA:79,1
DA:84,1
DA:85,2
DA:108,1
DA:110,1
DA:111,1
DA:112,1
DA:113,1
DA:118,1
DA:128,1
DA:130,1
DA:131,1
DA:133,1
DA:145,1
DA:146,1
DA:148,1
DA:149,1
DA:151,1
DA:155,0
DA:156,0
DA:157,0
DA:167,1
DA:169,1
DA:170,1
DA:171,1
DA:172,1
DA:177,1
DA:187,1
DA:189,1
DA:190,1
DA:191,1
DA:192,1
DA:198,1
DA:207,1
DA:212,1
DA:214,1
DA:218,1
DA:219,1
DA:222,1
DA:224,0
DA:225,0
DA:226,0
DA:229,0
DA:230,0
DA:231,0
DA:233,0
DA:234,0
DA:235,0
DA:237,0
DA:238,0
DA:251,1
DA:253,0
DA:254,0
DA:255,0
LF:81
LH:45
end_of_record
