SF:lib/page/transactions/create_borrow.dart
DA:8,1
DA:10,0
DA:11,0
DA:19,0
DA:21,0
DA:22,0
DA:25,0
DA:27,0
DA:29,0
DA:33,0
DA:34,0
DA:35,0
DA:41,0
DA:42,0
DA:43,0
DA:45,0
DA:50,0
DA:51,0
DA:52,0
DA:53,0
DA:64,0
DA:81,0
DA:95,0
DA:97,0
DA:99,0
DA:102,0
DA:114,0
DA:126,0
DA:128,0
DA:129,0
DA:131,0
DA:140,0
DA:141,0
DA:142,0
DA:143,0
DA:144,0
DA:147,0
DA:148,0
DA:149,0
DA:158,0
DA:160,0
DA:161,0
DA:162,0
DA:163,0
DA:176,0
DA:177,0
DA:204,0
DA:216,0
DA:218,0
DA:219,0
DA:220,0
DA:221,0
DA:234,0
DA:235,0
DA:270,0
DA:272,0
DA:273,0
DA:274,0
DA:275,0
DA:288,0
DA:289,0
DA:337,16
DA:339,0
DA:341,0
DA:344,0
DA:346,0
DA:351,0
DA:352,0
DA:353,0
DA:367,16
DA:369,0
DA:371,0
DA:373,0
DA:374,0
DA:375,0
DA:376,0
LF:76
LH:3
end_of_record
SF:lib/models/user.dart
DA:8,4
LF:1
LH:1
end_of_record
SF:lib/page/pocket/create_pocket.dart
DA:8,1
DA:13,1
DA:14,1
DA:15,1
DA:18,2
DA:21,1
DA:25,2
DA:27,0
DA:30,0
DA:33,1
DA:40,1
DA:42,1
DA:44,1
DA:53,1
DA:55,1
DA:57,1
DA:58,1
DA:59,1
DA:60,1
DA:62,1
DA:66,1
DA:78,1
DA:80,1
DA:82,1
DA:89,1
DA:90,1
DA:100,1
DA:101,1
DA:112,1
DA:114,1
DA:116,1
DA:123,1
DA:124,1
DA:135,1
DA:136,1
DA:146,1
DA:149,1
DA:151,1
DA:155,1
DA:156,1
DA:158,1
DA:159,3
DA:160,4
DA:161,4
DA:162,3
DA:163,2
DA:165,0
DA:169,0
DA:171,0
DA:172,0
DA:173,0
DA:176,2
DA:188,1
DA:190,2
LF:54
LH:47
end_of_record
SF:lib/page/feedback/create_feedback.dart
DA:8,31
DA:10,1
DA:12,1
DA:19,1
DA:21,1
DA:23,1
DA:24,1
DA:25,1
DA:26,1
DA:28,1
DA:32,1
DA:33,1
DA:35,1
DA:46,1
DA:49,1
DA:51,1
DA:59,1
DA:74,1
DA:77,1
DA:79,1
DA:87,1
DA:102,1
DA:105,1
DA:107,1
DA:115,1
DA:125,0
DA:126,0
DA:136,1
DA:139,1
DA:141,1
DA:149,1
DA:164,1
DA:167,1
DA:169,1
DA:177,1
DA:193,1
DA:197,1
DA:199,1
DA:203,1
DA:204,1
DA:206,0
DA:207,0
DA:208,0
DA:215,1
DA:219,1
DA:221,1
DA:226,1
DA:227,1
DA:229,0
DA:230,0
DA:231,0
LF:51
LH:43
end_of_record
SF:lib/page/feedback/read_feedback.dart
DA:7,31
DA:9,1
DA:10,1
DA:15,1
DA:17,1
DA:19,1
DA:23,1
DA:25,0
DA:26,1
DA:27,1
DA:30,0
DA:31,0
DA:33,0
DA:39,1
DA:40,1
DA:42,1
DA:46,1
DA:57,1
DA:59,1
DA:61,1
DA:69,1
DA:80,1
DA:81,2
DA:82,1
DA:83,1
DA:87,1
DA:88,1
DA:89,2
DA:100,1
DA:101,1
DA:102,1
DA:105,1
DA:115,1
DA:128,1
DA:139,1
DA:140,2
DA:141,1
DA:142,1
DA:146,1
DA:147,1
DA:148,2
DA:159,1
DA:160,1
DA:161,1
DA:164,1
DA:172,1
DA:185,1
DA:196,1
DA:197,2
DA:198,1
DA:199,1
DA:203,1
DA:204,1
DA:205,2
DA:216,1
DA:217,1
DA:218,1
DA:221,1
DA:230,1
DA:241,1
DA:250,1
DA:269,1
DA:270,2
DA:271,1
DA:272,1
DA:276,1
DA:277,1
DA:278,2
DA:289,1
DA:291,1
DA:292,1
DA:295,1
DA:303,1
DA:314,1
DA:324,1
DA:345,1
DA:346,2
DA:347,1
DA:348,1
DA:352,1
DA:353,1
DA:354,2
DA:366,1
LF:83
LH:79
end_of_record
SF:lib/page/feedback/delete_report.dart
DA:6,16
DA:7,2
DA:8,2
DA:12,2
DA:14,2
DA:15,2
DA:16,2
DA:18,1
DA:19,1
DA:21,1
DA:22,1
DA:26,1
DA:27,1
DA:28,1
DA:29,1
DA:30,1
DA:31,1
DA:35,1
DA:36,1
DA:38,0
DA:41,1
DA:42,0
DA:52,2
LF:23
LH:21
end_of_record
SF:lib/page/feedback/feedback_details.dart
DA:7,16
DA:9,1
DA:11,1
DA:15,1
DA:17,1
DA:19,1
DA:23,1
DA:25,0
DA:31,1
DA:32,1
DA:34,1
DA:37,1
DA:45,1
DA:47,1
DA:52,1
DA:55,1
DA:57,1
DA:60,1
DA:62,1
DA:65,1
DA:75,1
DA:77,1
DA:80,1
DA:82,1
DA:85,1
DA:95,1
DA:97,1
DA:100,1
DA:102,1
DA:105,1
DA:115,1
DA:117,1
DA:120,1
DA:122,1
DA:125,1
LF:35
LH:34
end_of_record
SF:lib/page/homepage.dart
DA:18,0
DA:20,0
DA:23,0
DA:26,0
DA:28,0
DA:29,0
DA:31,0
DA:34,0
DA:36,0
DA:37,0
DA:39,0
DA:46,0
DA:48,0
DA:54,0
DA:56,0
DA:59,0
DA:62,0
DA:64,0
DA:65,0
DA:67,0
DA:70,0
DA:72,0
DA:73,0
DA:75,0
DA:82,0
DA:84,0
DA:90,0
DA:92,0
DA:95,0
DA:98,0
DA:100,0
DA:101,0
DA:103,0
DA:106,0
DA:109,0
DA:110,0
DA:112,0
DA:119,0
DA:121,0
DA:129,0
DA:131,0
DA:132,0
DA:146,0
DA:148,0
DA:150,0
DA:151,0
DA:152,0
DA:153,0
DA:154,0
DA:159,0
DA:160,0
DA:161,0
DA:162,0
DA:164,0
DA:165,0
DA:166,0
DA:168,0
DA:169,0
DA:170,0
DA:174,0
DA:176,0
DA:177,0
DA:178,0
DA:179,0
DA:180,0
DA:182,0
DA:186,0
DA:187,0
DA:189,0
DA:193,0
DA:194,0
DA:196,0
DA:197,0
DA:198,0
DA:204,0
DA:205,0
DA:207,0
DA:209,0
DA:210,0
DA:211,0
DA:212,0
DA:213,0
DA:214,0
DA:217,0
DA:218,0
DA:219,0
DA:220,0
DA:221,0
DA:222,0
DA:223,0
DA:226,0
DA:227,0
DA:228,0
DA:230,0
DA:232,0
DA:235,0
DA:236,0
DA:237,0
DA:240,0
DA:242,0
DA:243,0
DA:244,0
DA:245,0
DA:248,0
DA:256,0
DA:259,0
DA:260,0
DA:261,0
DA:264,0
DA:265,0
DA:266,0
DA:268,0
DA:271,0
DA:272,0
DA:273,0
DA:275,0
DA:276,0
DA:277,0
DA:278,0
DA:281,0
DA:284,0
DA:288,0
DA:303,0
DA:304,0
DA:305,0
DA:310,0
DA:312,0
DA:313,0
DA:315,0
DA:322,0
DA:324,0
DA:325,0
DA:327,0
DA:337,0
DA:350,0
DA:362,0
DA:363,0
DA:364,0
DA:365,0
DA:366,0
DA:367,0
DA:368,0
DA:378,0
DA:379,0
DA:382,0
DA:383,0
DA:384,0
DA:386,0
DA:387,0
DA:388,0
DA:389,0
DA:391,0
DA:393,0
DA:395,0
DA:396,0
DA:397,0
DA:400,0
DA:401,0
DA:404,0
DA:405,0
DA:406,0
DA:407,0
DA:408,0
DA:409,0
DA:412,0
DA:413,0
DA:414,0
DA:417,0
DA:421,0
DA:424,0
DA:425,0
DA:426,0
DA:437,0
DA:443,0
DA:456,0
DA:466,0
DA:467,0
DA:468,0
DA:469,0
DA:472,0
DA:473,0
DA:474,0
DA:475,0
DA:477,0
DA:480,0
DA:481,0
DA:483,0
DA:484,0
DA:485,0
DA:486,0
DA:488,0
DA:489,0
DA:490,0
DA:491,0
DA:492,0
DA:495,0
DA:496,0
DA:497,0
DA:499,0
DA:501,0
DA:502,0
DA:504,0
DA:505,0
DA:519,0
DA:520,0
DA:521,0
DA:523,0
LF:207
LH:0
end_of_record
SF:lib/page/plannedpayment/plannedpayment.dart
DA:11,0
DA:13,0
DA:16,0
DA:19,0
DA:21,0
DA:22,0
DA:24,0
DA:27,0
DA:30,0
DA:31,0
DA:33,0
DA:40,0
DA:42,0
DA:48,0
DA:54,0
DA:55,0
DA:56,0
DA:59,0
DA:65,0
DA:69,0
DA:71,0
DA:74,0
DA:77,0
DA:84,0
DA:86,0
DA:88,0
DA:101,0
DA:103,0
DA:105,0
DA:106,0
DA:107,0
DA:108,0
DA:111,0
DA:112,0
DA:115,0
DA:116,0
DA:117,0
DA:118,0
DA:129,0
DA:131,0
DA:134,0
DA:135,0
DA:136,0
DA:138,0
DA:140,0
DA:141,0
DA:143,0
DA:155,0
DA:156,0
DA:157,0
DA:162,0
DA:163,0
DA:164,0
DA:165,0
DA:180,0
DA:181,0
DA:182,0
DA:188,0
DA:190,0
DA:191,0
DA:205,0
DA:215,0
DA:217,0
DA:219,0
DA:220,0
DA:222,0
DA:234,0
DA:235,0
DA:237,0
DA:238,0
DA:240,0
DA:243,0
DA:244,0
DA:245,0
DA:255,0
DA:265,0
DA:266,0
DA:267,0
DA:268,0
DA:269,0
DA:272,0
DA:284,0
DA:285,0
DA:319,0
DA:321,0
DA:322,0
DA:328,0
DA:329,0
DA:330,0
DA:343,0
DA:344,0
DA:346,0
DA:348,0
DA:351,0
DA:353,0
DA:354,0
DA:355,0
DA:356,0
DA:359,0
DA:365,0
DA:368,0
DA:370,0
DA:374,0
DA:375,0
DA:377,0
DA:378,0
DA:379,0
DA:380,0
DA:381,0
DA:382,0
DA:383,0
DA:384,0
DA:385,0
DA:386,0
DA:387,0
DA:389,0
DA:392,0
DA:406,0
DA:408,0
DA:410,0
LF:120
LH:0
end_of_record
SF:lib/page/plannedpayment/plannedpaymentdetails.dart
DA:9,0
DA:11,0
DA:14,0
DA:17,0
DA:18,0
DA:21,0
DA:22,0
DA:24,0
DA:26,0
DA:27,0
DA:28,0
DA:30,0
DA:33,0
DA:35,0
DA:45,0
DA:47,0
DA:48,0
DA:55,0
DA:57,0
DA:61,0
DA:62,0
DA:63,0
DA:64,0
DA:68,0
DA:70,0
DA:73,0
DA:77,0
DA:79,0
DA:81,0
DA:82,0
DA:85,0
DA:86,0
DA:88,0
DA:96,0
DA:98,0
DA:99,0
DA:100,0
DA:101,0
DA:103,0
DA:122,0
DA:125,0
DA:131,0
DA:145,0
DA:148,0
DA:154,0
DA:166,0
DA:168,0
DA:169,0
DA:173,0
DA:180,0
DA:184,0
DA:193,0
DA:196,0
DA:202,0
DA:212,0
DA:215,0
DA:221,0
LF:57
LH:0
end_of_record
SF:lib/page/pocket/pocket_details.dart
DA:11,0
DA:13,0
DA:16,0
DA:19,0
DA:20,0
DA:24,0
DA:25,0
DA:27,0
DA:30,0
DA:33,0
DA:34,0
DA:36,0
DA:43,0
DA:45,0
DA:55,0
DA:57,0
DA:58,0
DA:66,0
DA:68,0
DA:70,0
DA:71,0
DA:72,0
DA:73,0
DA:78,0
DA:79,0
DA:80,0
DA:81,0
DA:85,0
DA:87,0
DA:88,0
DA:92,0
DA:94,0
DA:95,0
DA:96,0
DA:97,0
DA:100,0
DA:101,0
DA:102,0
DA:106,0
DA:107,0
DA:109,0
DA:110,0
DA:111,0
DA:112,0
DA:114,0
DA:115,0
DA:117,0
DA:123,0
DA:125,0
DA:126,0
DA:128,0
DA:140,0
DA:154,0
DA:155,0
DA:159,0
DA:161,0
DA:163,0
DA:164,0
DA:184,0
DA:188,0
DA:190,0
DA:192,0
DA:193,0
DA:216,0
DA:230,0
DA:242,0
DA:243,0
DA:244,0
DA:245,0
DA:246,0
DA:247,0
DA:248,0
DA:252,0
DA:256,0
DA:257,0
DA:258,0
DA:259,0
DA:260,0
DA:261,0
DA:264,0
DA:265,0
DA:266,0
DA:268,0
DA:269,0
DA:270,0
DA:271,0
DA:272,0
DA:274,0
DA:277,0
DA:280,0
DA:281,0
DA:283,0
DA:285,0
DA:291,0
DA:293,0
DA:298,0
DA:299,0
DA:300,0
DA:306,0
DA:311,0
DA:312,0
DA:313,0
DA:375,0
DA:387,15
DA:388,0
DA:392,0
DA:394,0
DA:395,0
DA:396,0
DA:398,0
DA:399,0
DA:400,0
DA:403,0
DA:404,0
LF:114
LH:1
end_of_record
SF:lib/page/navbar.dart
DA:12,0
DA:14,0
DA:16,0
DA:25,0
DA:27,0
DA:28,0
DA:29,0
DA:30,0
DA:32,0
DA:38,0
DA:40,0
DA:41,0
DA:43,0
DA:47,0
DA:59,0
DA:60,0
DA:66,0
DA:67,0
DA:69,0
DA:71,0
DA:81,0
DA:82,0
DA:88,0
DA:89,0
DA:96,0
DA:97,0
DA:98,0
DA:102,0
LF:28
LH:0
end_of_record
SF:lib/page/newsletter.dart
DA:4,16
DA:6,1
DA:7,1
DA:11,1
DA:13,1
DA:14,1
LF:6
LH:6
end_of_record
SF:lib/page/profile/profile_detail.dart
DA:11,31
DA:13,1
DA:15,1
DA:25,1
DA:27,2
DA:28,1
DA:31,1
DA:33,1
DA:35,1
DA:36,1
DA:37,1
DA:39,2
DA:41,1
DA:43,1
DA:44,1
DA:54,1
DA:55,0
DA:56,0
DA:57,0
DA:65,1
DA:67,1
DA:69,1
DA:76,1
DA:78,1
DA:93,1
DA:95,1
DA:97,1
DA:104,1
DA:106,1
DA:121,1
DA:123,1
DA:125,1
DA:135,1
DA:136,1
DA:137,1
DA:140,1
DA:153,0
DA:154,0
DA:156,0
DA:157,0
DA:159,0
DA:163,0
DA:164,0
DA:165,0
DA:176,1
DA:178,1
DA:180,1
DA:187,1
DA:189,1
DA:202,1
DA:204,1
DA:205,1
DA:207,1
DA:209,1
DA:211,1
DA:213,1
DA:228,1
DA:242,1
DA:246,1
DA:247,0
DA:248,0
DA:249,0
LF:62
LH:48
end_of_record
SF:lib/page/report/reportpage.dart
DA:7,16
DA:9,1
DA:10,1
DA:32,1
DA:34,1
DA:35,1
DA:46,1
DA:47,1
DA:48,1
DA:49,1
DA:51,1
DA:52,1
DA:53,1
DA:55,1
DA:57,3
DA:71,1
DA:73,1
DA:77,3
DA:87,1
DA:97,1
DA:98,1
DA:99,1
DA:100,1
DA:103,4
DA:125,1
DA:126,1
DA:129,4
DA:152,1
DA:153,1
DA:155,1
DA:157,2
DA:158,1
DA:171,1
DA:172,1
DA:176,1
DA:177,1
DA:178,1
DA:184,1
DA:185,1
DA:186,2
DA:205,1
DA:207,1
DA:208,1
DA:213,1
DA:214,1
DA:215,2
DA:233,1
DA:246,1
DA:256,1
DA:260,1
DA:261,1
DA:264,1
DA:265,1
DA:266,2
DA:287,1
DA:291,1
DA:292,1
DA:295,1
DA:296,1
DA:297,2
DA:318,1
DA:322,1
DA:323,1
DA:326,1
DA:327,1
DA:328,2
LF:66
LH:66
end_of_record
SF:lib/page/transactions/transaction.dart
DA:13,1
DA:15,1
DA:16,1
DA:20,1
DA:22,1
DA:23,1
DA:25,1
DA:29,1
DA:30,1
DA:31,2
DA:32,1
DA:33,1
DA:34,1
DA:36,1
DA:38,1
DA:39,1
DA:40,1
DA:41,1
DA:42,1
DA:43,1
DA:44,1
DA:47,1
DA:48,1
DA:49,1
DA:51,0
DA:52,0
DA:54,0
DA:55,0
DA:56,0
DA:58,2
DA:59,1
DA:62,1
DA:67,1
DA:70,1
DA:71,1
DA:72,1
DA:74,1
DA:81,1
DA:84,1
DA:85,1
DA:86,1
DA:89,1
DA:90,1
DA:91,1
DA:93,0
DA:94,0
DA:96,0
DA:97,0
DA:98,0
DA:100,2
DA:101,1
DA:104,1
DA:107,1
DA:109,1
DA:112,1
DA:113,1
DA:114,1
DA:116,1
DA:119,1
DA:124,1
DA:127,1
DA:128,0
DA:129,0
DA:131,0
DA:132,0
DA:133,0
LF:66
LH:51
end_of_record
SF:lib/page/plannedpayment/editplannedpayment.dart
DA:5,16
DA:6,1
DA:7,1
DA:13,1
DA:15,2
DA:16,1
DA:18,1
DA:20,1
DA:22,1
DA:26,1
DA:28,0
DA:30,1
DA:32,1
DA:34,1
DA:39,1
DA:52,1
DA:64,1
DA:66,1
DA:67,1
DA:69,1
DA:78,0
DA:79,0
DA:80,0
DA:81,0
DA:82,0
DA:85,0
DA:86,0
DA:87,0
DA:102,1
DA:104,1
DA:105,1
DA:106,1
DA:107,1
DA:120,1
DA:121,0
DA:162,1
DA:164,1
DA:165,1
DA:166,1
DA:167,1
DA:180,1
DA:181,0
DA:214,1
DA:217,1
DA:219,1
DA:224,1
DA:225,1
DA:228,0
DA:239,1
DA:242,1
DA:244,1
DA:249,1
DA:250,1
DA:253,0
DA:255,0
DA:258,0
DA:259,0
DA:261,0
DA:264,0
DA:266,0
DA:276,1
DA:279,1
DA:281,0
LF:63
LH:43
end_of_record
SF:lib/page/pocket/edit_pocket.dart
DA:8,0
DA:13,0
DA:14,0
DA:15,0
DA:18,0
DA:20,0
DA:25,0
DA:27,0
DA:30,0
DA:33,0
DA:41,0
DA:43,0
DA:44,0
DA:53,0
DA:55,0
DA:57,0
DA:58,0
DA:59,0
DA:60,0
DA:61,0
DA:63,0
DA:73,0
DA:75,0
DA:76,0
DA:79,0
DA:85,0
DA:87,0
DA:88,0
DA:91,0
DA:100,0
DA:111,0
DA:113,0
DA:115,0
DA:122,0
DA:123,0
DA:137,0
DA:140,0
DA:142,0
DA:146,0
DA:147,0
DA:149,0
DA:150,0
DA:151,0
DA:152,0
DA:153,0
DA:154,0
DA:156,0
DA:158,0
DA:159,0
DA:160,0
DA:163,0
DA:174,0
DA:177,0
DA:179,0
DA:183,0
DA:184,0
DA:186,0
DA:188,0
DA:192,0
DA:193,0
DA:195,0
DA:196,0
DA:201,0
DA:203,0
DA:205,0
DA:206,0
DA:207,0
DA:220,0
DA:222,0
DA:223,0
DA:225,0
DA:226,0
DA:227,0
LF:73
LH:0
end_of_record
SF:lib/page/profile/edit_profile.dart
DA:9,16
DA:12,1
DA:14,1
DA:24,1
DA:26,2
DA:27,1
DA:30,1
DA:32,1
DA:34,1
DA:35,1
DA:36,1
DA:37,1
DA:39,1
DA:43,1
DA:56,1
DA:58,1
DA:60,1
DA:67,1
DA:68,1
DA:84,1
DA:86,1
DA:88,1
DA:95,1
DA:96,1
DA:111,1
DA:113,1
DA:115,1
DA:124,1
DA:125,1
DA:126,1
DA:128,1
DA:137,1
DA:138,1
DA:139,1
DA:140,1
DA:141,1
DA:145,0
DA:146,0
DA:147,0
DA:158,1
DA:160,1
DA:162,1
DA:169,1
DA:170,1
DA:186,1
DA:189,1
DA:191,1
DA:195,1
DA:196,1
DA:198,0
DA:199,0
DA:206,1
DA:209,1
DA:211,1
DA:216,1
DA:217,1
DA:219,0
DA:220,0
LF:58
LH:51
end_of_record
SF:lib/page/report/downloadreport.dart
DA:5,16
DA:6,2
DA:7,2
DA:11,2
DA:13,2
DA:14,2
DA:15,2
DA:17,1
DA:18,1
DA:20,1
DA:21,1
DA:25,1
DA:26,1
DA:28,0
DA:33,1
DA:35,0
DA:43,2
LF:17
LH:15
end_of_record
SF:lib/page/transactions/transaction_form.dart
DA:15,0
DA:26,0
DA:27,0
DA:28,0
DA:31,0
DA:38,0
DA:41,0
DA:43,0
DA:46,0
DA:47,0
DA:50,0
DA:54,1
DA:56,2
DA:59,1
DA:62,2
DA:64,1
DA:65,1
DA:67,1
DA:70,2
DA:73,0
DA:74,0
DA:76,0
DA:83,1
DA:85,1
DA:94,1
DA:95,1
DA:96,1
DA:109,1
DA:110,1
DA:111,2
DA:113,4
DA:114,1
DA:115,1
DA:116,2
DA:121,1
DA:122,2
DA:123,1
DA:126,1
DA:127,4
DA:128,2
DA:129,0
DA:140,1
DA:142,1
DA:144,1
DA:148,2
DA:149,1
DA:150,1
DA:156,1
DA:157,1
DA:158,1
DA:159,1
DA:161,1
DA:162,1
DA:163,1
DA:165,1
DA:166,1
DA:168,1
DA:173,1
DA:174,1
DA:176,1
DA:177,1
DA:179,1
DA:186,1
DA:188,1
DA:189,1
DA:190,1
DA:191,1
DA:199,1
DA:200,1
DA:201,1
DA:202,1
DA:204,1
DA:207,1
DA:208,1
DA:209,1
DA:210,1
DA:211,1
DA:212,1
DA:213,1
DA:214,1
DA:215,1
DA:216,1
DA:217,1
DA:219,2
DA:220,1
DA:221,1
DA:229,1
DA:231,1
DA:232,1
DA:233,1
DA:235,1
DA:238,1
DA:239,1
DA:240,1
DA:241,1
DA:242,1
DA:243,1
DA:244,1
DA:245,1
DA:246,1
DA:247,1
DA:248,1
DA:250,2
DA:251,1
DA:252,1
DA:261,1
DA:263,1
DA:264,1
DA:265,1
DA:267,1
DA:270,1
DA:272,1
DA:273,1
DA:274,1
DA:275,1
DA:276,1
DA:277,1
DA:278,1
DA:279,1
DA:280,1
DA:282,2
DA:283,1
DA:284,1
DA:290,1
DA:291,1
DA:293,1
DA:294,1
DA:296,1
DA:300,0
DA:301,0
DA:302,0
DA:309,1
DA:311,1
DA:312,1
DA:313,1
DA:315,1
DA:318,1
DA:319,1
DA:320,1
DA:321,1
DA:322,1
DA:323,1
DA:324,1
DA:325,1
DA:326,1
DA:327,1
DA:328,1
DA:330,2
DA:331,1
DA:332,1
DA:336,1
DA:337,0
DA:338,0
DA:339,1
DA:340,1
DA:342,1
DA:344,1
DA:349,1
DA:351,1
DA:353,1
DA:363,1
DA:365,1
DA:366,1
DA:367,1
DA:369,1
DA:372,1
DA:373,1
DA:374,1
DA:375,1
DA:376,1
DA:377,1
DA:378,1
DA:379,1
DA:380,1
DA:381,1
DA:382,1
DA:383,1
DA:385,2
DA:386,1
DA:387,1
DA:391,1
DA:392,0
DA:393,0
DA:394,1
DA:395,1
DA:397,1
DA:399,1
DA:404,1
DA:406,1
DA:408,1
DA:412,1
DA:414,1
DA:416,1
DA:426,1
DA:428,1
DA:429,1
DA:430,1
DA:432,1
DA:436,1
DA:437,1
DA:438,1
DA:439,1
DA:440,1
DA:441,1
DA:442,1
DA:443,1
DA:444,2
DA:446,2
DA:450,1
DA:451,2
DA:452,0
DA:454,0
DA:456,0
DA:459,0
DA:461,1
DA:462,0
DA:463,0
DA:464,0
DA:467,1
DA:472,1
DA:474,1
DA:476,1
DA:477,1
DA:478,1
DA:479,1
DA:480,1
DA:482,1
DA:483,1
DA:484,1
DA:486,0
DA:487,0
DA:488,0
DA:489,0
DA:490,0
DA:491,0
DA:493,1
DA:497,1
DA:499,1
DA:500,1
DA:501,1
DA:502,0
DA:503,1
DA:505,2
DA:508,1
LF:244
LH:208
end_of_record
SF:lib/page/authentication/login_page.dart
DA:17,3
DA:18,0
DA:20,0
DA:21,0
DA:24,0
DA:26,0
DA:27,0
DA:28,0
DA:29,0
DA:30,0
DA:32,0
DA:33,0
DA:35,0
DA:36,0
DA:37,0
DA:38,0
DA:43,0
DA:47,1
DA:48,1
DA:55,1
DA:57,1
DA:64,1
DA:65,1
DA:67,1
DA:69,1
DA:72,1
DA:78,1
DA:80,1
DA:86,1
DA:89,1
DA:91,1
DA:93,1
DA:100,1
DA:102,1
DA:111,1
DA:113,1
DA:115,1
DA:117,1
DA:124,1
DA:126,1
DA:137,1
DA:142,1
DA:145,1
DA:147,1
DA:151,1
DA:152,1
DA:154,0
DA:155,0
DA:156,0
DA:157,0
DA:158,0
DA:160,1
DA:162,1
DA:167,1
DA:170,1
DA:173,1
DA:176,0
LF:57
LH:35
end_of_record
SF:lib/page/authentication/register_page.dart
DA:12,0
DA:21,0
DA:22,0
DA:25,0
DA:32,0
DA:34,0
DA:35,0
DA:36,0
DA:37,0
DA:38,0
DA:40,0
DA:41,0
DA:43,0
DA:45,0
DA:46,0
DA:47,0
DA:48,0
DA:50,0
DA:52,0
DA:57,3
DA:59,1
DA:61,1
DA:67,1
DA:69,2
DA:70,1
DA:78,1
DA:80,1
DA:86,1
DA:87,1
DA:89,1
DA:93,1
DA:99,1
DA:101,1
DA:112,1
DA:114,1
DA:116,1
DA:123,1
DA:125,1
DA:137,1
DA:140,1
DA:142,1
DA:144,1
DA:150,1
DA:152,1
DA:163,0
DA:164,0
DA:166,0
DA:167,0
DA:169,0
DA:173,0
DA:174,0
DA:175,0
DA:182,1
DA:185,1
DA:187,1
DA:189,1
DA:196,1
DA:198,1
DA:207,1
DA:208,1
DA:210,1
DA:212,1
DA:219,1
DA:221,1
DA:232,1
DA:234,1
DA:236,1
DA:238,1
DA:242,1
DA:243,1
DA:245,1
DA:246,0
DA:248,0
DA:258,1
DA:260,1
DA:263,1
DA:265,0
LF:77
LH:47
end_of_record
